{
  "RSpec": {
    "coverage": {
      "/var/home/reesericci/Code/united/app/models/config.rb": {
        "lines": [
          1,
          1,
          1,
          1,
          1,
          null,
          1,
          null,
          1,
          null,
          1,
          null,
          1,
          54,
          null,
          null,
          1,
          108,
          0,
          null,
          null,
          null,
          1,
          54,
          0,
          null,
          54,
          null,
          null,
          1,
          51,
          null,
          null,
          null,
          null,
          1,
          54,
          54,
          54,
          null,
          54,
          null,
          null,
          1,
          1,
          1,
          1,
          null,
          1,
          null,
          null,
          1,
          1,
          1,
          35,
          null,
          null,
          1,
          null,
          null,
          1,
          null,
          1,
          3,
          null,
          null
        ]
      },
      "/var/home/reesericci/Code/united/app/models/application_record.rb": {
        "lines": [
          1,
          1,
          null
        ]
      },
      "/var/home/reesericci/Code/united/app/models/symbol_json.rb": {
        "lines": [
          1,
          1,
          210,
          null,
          null,
          1,
          213,
          null,
          null
        ]
      },
      "/var/home/reesericci/Code/united/app/models/extension.rb": {
        "lines": [
          1,
          1,
          1,
          null
        ]
      },
      "/var/home/reesericci/Code/united/app/controllers/my/memberships_controller.rb": {
        "lines": [
          1,
          1,
          null,
          1,
          1,
          null,
          null,
          1,
          1,
          1,
          null,
          1,
          0,
          0,
          0,
          null,
          null,
          1,
          null,
          null,
          1,
          null,
          1,
          null,
          null,
          1,
          3,
          null,
          null,
          1,
          1,
          1,
          null,
          null,
          1,
          0,
          0,
          null,
          null,
          1,
          0,
          0,
          0,
          null,
          null,
          1,
          1,
          null,
          null,
          1,
          null,
          1,
          4,
          null,
          null,
          1,
          2,
          4,
          null,
          null
        ]
      },
      "/var/home/reesericci/Code/united/app/controllers/my/base_controller.rb": {
        "lines": [
          1,
          1,
          null,
          1,
          6,
          2,
          2,
          null,
          4,
          null,
          null,
          null
        ]
      },
      "/var/home/reesericci/Code/united/app/views/my/memberships/new.html.erb": {
        "lines": [
          2,
          1,
          1,
          2,
          null,
          null,
          2,
          null,
          null,
          2,
          null,
          1,
          1,
          null,
          null,
          1,
          1,
          null,
          null,
          1,
          1,
          null,
          null,
          2,
          null,
          1,
          1,
          null,
          null,
          1,
          1,
          null,
          null,
          null,
          1,
          1,
          null,
          null,
          1,
          1,
          null,
          null,
          null,
          null,
          1,
          1,
          null,
          null,
          1,
          1,
          null,
          null,
          null,
          2,
          1,
          1,
          1,
          1,
          null,
          null,
          null,
          1,
          1,
          1,
          null,
          null,
          null,
          null,
          null,
          null,
          null,
          null,
          null,
          1,
          null,
          1,
          null,
          null,
          null,
          null,
          null,
          null,
          null,
          null,
          null,
          null,
          null,
          null,
          null,
          null,
          null,
          null,
          null,
          null,
          null,
          null,
          null,
          null,
          null,
          null,
          null,
          null,
          null,
          null,
          null,
          null,
          null,
          null,
          null,
          null,
          null,
          null,
          null,
          null,
          null,
          null,
          null,
          null,
          null,
          null,
          null,
          null,
          null,
          null,
          null,
          1,
          null
        ]
      },
      "/var/home/reesericci/Code/united/app/models/concerns/domesticable.rb": {
        "lines": [
          1,
          1,
          null,
          1,
          246,
          1,
          null,
          1,
          9,
          null,
          null,
          1,
          null,
          1,
          2,
          2,
          0,
          null,
          null,
          0,
          null,
          null,
          null,
          1,
          1,
          2216,
          2205,
          11,
          2,
          9,
          null,
          null,
          0,
          null,
          null,
          null,
          1,
          2205,
          2205,
          null,
          0,
          null,
          null,
          null,
          1,
          492,
          2,
          null,
          0,
          null,
          null,
          null,
          1,
          2698,
          null,
          null,
          1,
          null,
          1,
          1225,
          null,
          null,
          1,
          9,
          2205,
          null,
          null,
          null,
          1,
          492,
          null,
          null,
          1,
          null,
          null,
          null,
          null,
          null,
          null,
          null,
          null,
          null,
          null,
          null,
          null,
          null,
          null,
          null,
          null,
          null,
          null,
          null,
          null,
          null,
          null,
          null,
          null,
          null,
          null,
          null,
          null,
          null,
          null,
          null,
          null,
          null,
          null,
          null,
          null,
          null,
          null,
          null,
          null,
          null,
          null,
          null,
          null,
          null,
          null,
          null,
          null,
          null,
          null,
          null,
          null,
          null,
          null,
          null,
          null,
          null,
          null,
          null,
          null,
          null,
          null,
          null,
          null,
          null,
          null,
          null,
          null,
          null,
          null,
          null,
          null,
          null,
          null,
          null,
          null,
          null,
          null,
          null,
          null,
          null,
          null,
          null,
          null,
          null,
          null,
          null,
          null,
          null,
          null,
          null,
          null,
          null,
          null,
          null,
          null,
          null,
          null,
          null,
          null,
          null,
          null,
          null,
          null,
          null,
          null,
          null,
          null,
          null,
          null,
          null,
          null,
          null,
          null,
          null,
          null,
          null,
          null,
          null,
          null,
          null,
          null,
          null,
          null,
          null,
          null,
          null,
          null,
          null,
          null,
          null,
          null,
          null,
          null,
          null,
          null,
          null,
          null,
          null,
          null,
          null,
          null,
          null,
          null,
          null,
          null,
          null,
          null,
          null,
          null,
          null,
          null,
          null,
          null,
          null,
          null,
          null,
          null,
          null,
          null,
          null,
          null,
          null,
          null,
          null,
          null,
          null,
          null,
          null,
          null,
          null,
          null,
          null,
          null,
          null,
          null,
          null,
          null,
          null,
          null,
          null,
          null,
          null,
          null,
          null,
          null,
          null,
          null,
          null,
          null,
          null,
          null,
          null,
          null,
          null,
          null,
          null,
          null,
          null,
          null,
          null,
          null,
          null,
          null,
          null,
          null,
          null,
          null,
          null,
          null,
          null,
          null,
          null,
          null,
          null,
          null,
          null,
          null,
          null,
          null,
          null,
          null,
          null,
          null,
          null,
          null,
          null,
          null,
          null,
          null,
          null,
          null,
          null,
          null,
          null,
          null,
          null,
          null,
          null,
          null,
          null,
          null,
          null,
          null,
          null,
          null,
          1,
          null,
          null
        ]
      },
      "/var/home/reesericci/Code/united/app/views/layouts/application.html.erb": {
        "lines": [
          8,
          null,
          null,
          8,
          null,
          8,
          null,
          null,
          8,
          8,
          null,
          8,
          null,
          null,
          8,
          8,
          8,
          8,
          8,
          null,
          null,
          null,
          8,
          null,
          null,
          8,
          0,
          0,
          0,
          0,
          0,
          null,
          0,
          null,
          0,
          null,
          0,
          null,
          8,
          null,
          null,
          null,
          null,
          null,
          8,
          null
        ]
      },
      "/var/home/reesericci/Code/united/app/models/member.rb": {
        "lines": [
          1,
          1,
          1,
          1,
          1,
          1,
          1,
          1,
          null,
          1,
          null,
          1,
          null,
          1,
          null,
          0,
          null,
          null,
          null,
          null,
          null,
          null,
          null,
          null,
          null,
          null,
          0,
          null,
          null,
          null,
          null,
          1,
          1,
          null,
          1,
          null,
          1,
          0,
          null,
          null,
          1,
          1,
          1,
          null,
          1,
          6,
          6,
          null,
          null,
          1,
          null,
          1,
          null,
          1,
          null,
          1,
          0,
          null,
          null,
          null,
          null,
          1,
          null,
          null,
          null,
          null,
          1,
          null,
          null,
          null,
          null,
          null,
          null,
          1,
          0,
          0,
          0,
          0,
          0,
          0,
          null,
          0,
          null,
          null,
          null,
          1,
          0,
          0,
          null,
          null,
          null,
          1,
          57,
          null,
          null
        ]
      },
      "/var/home/reesericci/Code/united/app/models/concerns/expirable.rb": {
        "lines": [
          1,
          1,
          null,
          1,
          1,
          1,
          4,
          3,
          null,
          null,
          null,
          null,
          1,
          0,
          null,
          null,
          1,
          0,
          null,
          null,
          1,
          0,
          null,
          null,
          1,
          0,
          null,
          null,
          1,
          0,
          0,
          null,
          null,
          null,
          1,
          0,
          null,
          null,
          1,
          1,
          0,
          null,
          null,
          1,
          0,
          null,
          null,
          1,
          0,
          null,
          null,
          1,
          null,
          1,
          1,
          null,
          null,
          1,
          1,
          null,
          null,
          null
        ]
      },
      "/var/home/reesericci/Code/united/app/models/concerns/renewable.rb": {
        "lines": [
          1,
          1,
          null,
          1,
          0,
          0,
          0,
          null,
          0,
          null,
          null,
          null,
          1,
          null,
          3,
          null,
          null,
          1,
          1,
          0,
          null,
          null,
          1,
          null,
          1,
          1,
          null,
          null,
          null
        ]
      },
      "/var/home/reesericci/Code/united/app/models/concerns/keycode/imprintor.rb": {
        "lines": [
          1,
          1,
          null,
          1,
          1,
          1,
          1,
          4,
          3,
          null,
          null,
          null,
          null
        ]
      },
      "/var/home/reesericci/Code/united/app/models/concerns/mortality.rb": {
        "lines": [
          1,
          1,
          null,
          1,
          9,
          1,
          1,
          1,
          1,
          null,
          1,
          4,
          0,
          null,
          null,
          null,
          null,
          1,
          0,
          0,
          null,
          null,
          1,
          0,
          0,
          null,
          null,
          1,
          null,
          null,
          null,
          0,
          0,
          0,
          0,
          0,
          null,
          null,
          1,
          4,
          null,
          null
        ]
      },
      "/var/home/reesericci/Code/united/app/models/concerns/extensibility.rb": {
        "lines": [
          1,
          1,
          null,
          1,
          1,
          1,
          null,
          1,
          13,
          2,
          1,
          null,
          null,
          null,
          null,
          null
        ]
      },
      "/var/home/reesericci/Code/united/app/models/concerns/verifiable.rb": {
        "lines": [
          1,
          1,
          null,
          1,
          1,
          null,
          1,
          null,
          null,
          1,
          1,
          null,
          null,
          1,
          1,
          null,
          null
        ]
      },
      "/var/home/reesericci/Code/united/app/models/my/keyable.rb": {
        "lines": [
          1,
          1,
          null,
          1,
          1,
          null,
          null
        ]
      },
      "/var/home/reesericci/Code/united/app/models/address.rb": {
        "lines": [
          1,
          1,
          null,
          1,
          null,
          1,
          null
        ]
      },
      "/var/home/reesericci/Code/united/app/models/keycode/imprint.rb": {
        "lines": [
          1,
          1,
          null,
          1,
          null,
          1,
          9,
          3,
          null,
          null,
          null,
          1,
          3,
          null,
          null,
          1,
          3,
          null,
          null,
          1,
          3,
          null,
          null,
          1,
          3,
          null,
          null,
          1,
          1,
          1,
          1,
          null,
          0,
          null,
          null,
          null,
          1,
          1,
          0,
          null,
          null,
          1,
          1,
          null,
          0,
          null,
          null,
          null,
          1,
          1,
          null,
          null,
          1,
          0,
          null,
          null,
          1,
          0,
          0,
          null,
          null,
          1,
          1,
          3,
          null,
          null,
          1,
          1,
          1,
          null,
          null,
          1,
          2,
          null,
          null,
          1,
          0,
          null,
          null,
          1,
          null,
          1,
          1,
          null,
          null,
          null
        ]
      },
      "/var/home/reesericci/Code/united/app/mailers/my/membership_mailer.rb": {
        "lines": [
          1,
          1,
          0,
          null,
          0,
          null,
          null,
          null
        ]
      },
      "/var/home/reesericci/Code/united/app/mailers/application_mailer.rb": {
        "lines": [
          1,
          null,
          1,
          null,
          null,
          null,
          null,
          null,
          null,
          null,
          null,
          null,
          null,
          1,
          null,
          1,
          null,
          1,
          null,
          1,
          null,
          1,
          0,
          null,
          null
        ]
      },
      "/var/home/reesericci/Code/united/app/models/journey.rb": {
        "lines": [
          1,
          1,
          null
        ]
      },
      "/var/home/reesericci/Code/united/app/controllers/my/journeys_controller.rb": {
        "lines": [
          1,
          1,
          2,
          2,
          2,
          null,
          null,
          1,
          1,
          1,
          null,
          null,
          1,
          0,
          0,
          null,
          null,
          1,
          null,
          1,
          1,
          null,
          null
        ]
      },
      "/var/home/reesericci/Code/united/app/views/my/journeys/new.html.erb": {
        "lines": [
          4,
          null,
          2,
          2,
          null,
          null,
          2,
          null,
          2,
          null
        ]
      },
      "/var/home/reesericci/Code/united/app/views/layouts/my/journeys.html.erb": {
        "lines": [
          4,
          4,
          4,
          null,
          4,
          4,
          4,
          4,
          null
        ]
      },
      "/var/home/reesericci/Code/united/app/controllers/my/journey/strategies_controller.rb": {
        "lines": [
          1,
          1,
          null,
          1,
          null,
          null,
          null,
          null,
          1,
          0,
          null,
          null,
          null,
          null,
          null,
          null,
          null
        ]
      },
      "/var/home/reesericci/Code/united/app/controllers/my/journey/base_controller.rb": {
        "lines": [
          1,
          1,
          null
        ]
      },
      "/var/home/reesericci/Code/united/app/models/my/keyring.rb": {
        "lines": [
          1,
          1,
          null,
          null,
          null,
          1,
          null
        ]
      },
      "/var/home/reesericci/Code/united/app/models/keyring.rb": {
        "lines": [
          1,
          1,
          1,
          3,
          null,
          1,
          1,
          null,
          2,
          null,
          1,
          0,
          0,
          null,
          null,
          0,
          null,
          0,
          null,
          null
        ]
      },
      "/var/home/reesericci/Code/united/app/views/my/journey/strategies/index.html.erb": {
        "lines": [
          1,
          null,
          null,
          1,
          2,
          null,
          1,
          1,
          null,
          null,
          null,
          1,
          null,
          null,
          null,
          null,
          null,
          null,
          null,
          null,
          null,
          null,
          null,
          null,
          null,
          null,
          null,
          null,
          null,
          null,
          null,
          null,
          null,
          null,
          null,
          null,
          null,
          null,
          null,
          null,
          null,
          1,
          null
        ]
      },
      "/var/home/reesericci/Code/united/app/controllers/my/journey/strategies/keycode/authentications_controller.rb": {
        "lines": [
          1,
          1,
          1,
          0,
          null,
          null,
          1,
          1,
          null,
          1,
          null,
          null,
          1,
          1,
          1,
          0,
          0,
          0,
          null,
          1,
          0,
          0,
          0,
          null,
          1,
          null,
          null
        ]
      },
      "/var/home/reesericci/Code/united/app/mailers/keycode_mailer.rb": {
        "lines": [
          1,
          1,
          0,
          null,
          0,
          null,
          0,
          null,
          null,
          null
        ]
      },
      "/var/home/reesericci/Code/united/app/views/my/journey/strategies/keycode/authentications/new.html.erb": {
        "lines": [
          2,
          null,
          1,
          1,
          null,
          null,
          1,
          null,
          1,
          null
        ]
      },
      "/var/home/reesericci/Code/united/app/models/verification.rb": {
        "lines": [
          1,
          1,
          null,
          1,
          1,
          0,
          null,
          null,
          null
        ]
      },
      "/var/home/reesericci/Code/united/app/views/my/memberships/show.html.erb": {
        "lines": [
          3,
          3,
          6,
          null,
          null,
          3,
          3,
          6,
          3,
          0,
          null,
          0,
          null,
          0,
          null,
          null,
          3,
          3,
          3,
          null,
          null,
          3,
          3,
          null,
          null,
          3,
          3,
          null,
          6,
          3,
          3,
          3,
          3,
          null,
          null,
          null,
          3,
          6,
          null,
          3,
          3,
          null,
          null,
          3,
          3,
          null,
          null,
          null,
          3,
          3,
          null,
          null,
          3,
          3,
          null,
          null,
          null,
          null,
          3,
          3,
          null,
          null,
          3,
          3,
          null,
          null,
          null,
          3,
          3,
          3,
          null,
          null,
          null,
          null,
          null,
          null,
          null,
          null,
          null,
          null,
          null,
          null,
          3,
          null,
          null,
          null,
          null,
          3,
          null,
          null,
          3,
          3,
          3,
          null,
          3,
          null,
          6,
          null,
          3,
          3,
          null,
          3,
          null,
          3,
          null,
          3,
          3,
          null,
          null,
          3,
          3,
          null,
          3,
          3,
          null,
          3,
          null,
          null,
          null,
          null,
          null,
          null,
          null,
          null,
          null,
          null,
          null,
          null,
          null,
          null,
          3,
          null
        ]
      },
      "/var/home/reesericci/Code/united/app/channels/application_cable/channel.rb": {
        "lines": [
          0,
          0,
          0,
          0
        ],
        "branches": {
        }
      },
      "/var/home/reesericci/Code/united/app/channels/application_cable/connection.rb": {
        "lines": [
          0,
          0,
          0,
          0
        ],
        "branches": {
        }
      },
      "/var/home/reesericci/Code/united/app/controllers/api/base_controller.rb": {
        "lines": [
          0,
          0,
          0,
          null,
          0,
          0,
          0,
          0,
          0,
          0
        ],
        "branches": {
        }
      },
      "/var/home/reesericci/Code/united/app/controllers/api/broadcasts_controller.rb": {
        "lines": [
          0,
          0,
          0,
          0,
          null,
          0,
          0,
          0,
          0,
          0,
          0,
          null,
          0,
          null,
          0,
          0,
          null,
          0,
          0,
          0,
          null,
          0,
          0,
          null,
          0,
          0,
          null,
          0,
          null,
          0,
          0,
          0,
          0
        ],
        "branches": {
        }
      },
      "/var/home/reesericci/Code/united/app/controllers/api/members_controller.rb": {
        "lines": [
          0,
          0,
          0,
          0,
          null,
          0,
          null,
          0,
          null,
          0,
          0,
          0,
          0,
          0,
          0,
          0,
          null,
          0,
          0,
          0,
          null,
          0,
          0,
          0,
          0,
          0,
          0,
          0,
          null,
          0,
          0,
          0,
          null,
          0,
          0,
          0,
          0,
          null,
          0,
          null,
          0,
          0,
          0,
          0
        ],
        "branches": {
        }
      },
      "/var/home/reesericci/Code/united/app/controllers/application_controller.rb": {
        "lines": [
          0,
          null,
          0,
          null,
          0,
          null,
          0,
          null,
          0,
          0,
          0,
          0,
          0,
          0
        ],
        "branches": {
        }
      },
      "/var/home/reesericci/Code/united/app/controllers/my/imprint/rotations_controller.rb": {
        "lines": [
          0,
          0,
          0,
          0,
          0,
          0
        ],
        "branches": {
        }
      },
      "/var/home/reesericci/Code/united/app/controllers/my/journey/strategies/passkey/authentications_controller.rb": {
        "lines": [
          0,
          0,
          0,
          null,
          0,
          0,
          0,
          null,
          0,
          0,
          0,
          0,
          0,
          0,
          0,
          0,
          0,
          0,
          0,
          0,
          0,
          0,
          0
        ],
        "branches": {
        }
      },
      "/var/home/reesericci/Code/united/app/controllers/my/membership/renewals_controller.rb": {
        "lines": [
          0,
          0,
          0,
          0,
          0,
          0
        ],
        "branches": {
        }
      },
      "/var/home/reesericci/Code/united/app/controllers/my/passkeys_controller.rb": {
        "lines": [
          0,
          0,
          0,
          null,
          0,
          0,
          0,
          0,
          null,
          0,
          0,
          0,
          0,
          0,
          0,
          0,
          0,
          0,
          null,
          0,
          0,
          0,
          null,
          0,
          0,
          0,
          0,
          0,
          null,
          0,
          0,
          0,
          0,
          0,
          0,
          null,
          0,
          0,
          null,
          0,
          0,
          0,
          0,
          null,
          0,
          null,
          0,
          0,
          0,
          0
        ],
        "branches": {
        }
      },
      "/var/home/reesericci/Code/united/app/controllers/organization/api_keys_controller.rb": {
        "lines": [
          0,
          0,
          0,
          null,
          0,
          0,
          0,
          0,
          0,
          null,
          0,
          0,
          0,
          0,
          null,
          0,
          null,
          0,
          0,
          0,
          0
        ],
        "branches": {
        }
      },
      "/var/home/reesericci/Code/united/app/controllers/organization/base_controller.rb": {
        "lines": [
          0,
          0,
          null,
          0,
          0,
          0,
          0,
          0,
          0
        ],
        "branches": {
        }
      },
      "/var/home/reesericci/Code/united/app/controllers/organization/broadcasts_controller.rb": {
        "lines": [
          0,
          0,
          0,
          null,
          0,
          0,
          0,
          0,
          null,
          0,
          null,
          0,
          0,
          0,
          0
        ],
        "branches": {
        }
      },
      "/var/home/reesericci/Code/united/app/controllers/organization/cemeteries_controller.rb": {
        "lines": [
          0,
          0,
          0,
          0,
          0
        ],
        "branches": {
        }
      },
      "/var/home/reesericci/Code/united/app/controllers/organization/configs_controller.rb": {
        "lines": [
          0,
          0,
          null,
          0,
          0,
          0,
          0,
          0,
          null,
          0,
          0,
          0,
          0,
          0,
          0,
          0,
          0,
          0,
          null,
          0,
          0,
          null,
          0,
          0,
          0,
          0,
          0,
          0,
          0,
          0,
          0,
          0,
          0,
          0,
          0,
          0,
          0,
          0,
          null,
          0,
          null,
          0,
          0,
          0,
          0
        ],
        "branches": {
        }
      },
      "/var/home/reesericci/Code/united/app/controllers/organization/journeys_controller.rb": {
        "lines": [
          0,
          0,
          0,
          0,
          null,
          0,
          0,
          0,
          0,
          0,
          0,
          0,
          0,
          0,
          null,
          0,
          0,
          0,
          0,
          0
        ],
        "branches": {
        }
      },
      "/var/home/reesericci/Code/united/app/controllers/organization/members_controller.rb": {
        "lines": [
          0,
          0,
          null,
          0,
          0,
          0,
          0,
          0,
          0,
          0,
          null,
          0,
          0,
          0,
          null,
          0,
          0,
          0,
          0,
          0,
          0,
          0,
          0,
          null,
          0,
          0,
          0,
          0,
          0,
          0,
          0,
          0,
          0,
          null,
          0,
          null,
          0,
          0,
          0,
          0
        ],
        "branches": {
        }
      },
      "/var/home/reesericci/Code/united/app/helpers/application_helper.rb": {
        "lines": [
          0,
          0,
          0,
          0,
          0
        ],
        "branches": {
        }
      },
      "/var/home/reesericci/Code/united/app/helpers/my/journey/strategies/passkey/authentications_helper.rb": {
        "lines": [
          0,
          0
        ],
        "branches": {
        }
      },
      "/var/home/reesericci/Code/united/app/helpers/my/journey/strategies_helper.rb": {
        "lines": [
          0,
          0
        ],
        "branches": {
        }
      },
      "/var/home/reesericci/Code/united/app/helpers/my/journeys_helper.rb": {
        "lines": [
          0,
          0
        ],
        "branches": {
        }
      },
      "/var/home/reesericci/Code/united/app/helpers/my/passkeys_helper.rb": {
        "lines": [
          0,
          0
        ],
        "branches": {
        }
      },
      "/var/home/reesericci/Code/united/app/jobs/application_job.rb": {
        "lines": [
          0,
          null,
          null,
          null,
          null,
          null,
          0
        ],
        "branches": {
        }
      },
      "/var/home/reesericci/Code/united/app/jobs/expirable/advisement_job.rb": {
        "lines": [
          0,
          0,
          null,
          0,
          0,
          0,
          0,
          0,
          null,
          0,
          null,
          0,
          0,
          0,
          0,
          0,
          null,
          0,
          0,
          0,
          0,
          0,
          0,
          0
        ],
        "branches": {
        }
      },
      "/var/home/reesericci/Code/united/app/mailers/expirable/advisory_mailer.rb": {
        "lines": [
          0,
          null,
          null,
          0,
          0,
          null,
          0,
          null,
          0,
          0,
          0,
          null,
          0,
          0,
          0,
          null,
          0,
          0,
          0,
          null,
          0,
          0,
          0,
          null,
          0,
          null,
          0,
          0,
          0,
          null,
          0,
          null,
          0,
          0,
          0,
          0,
          0
        ],
        "branches": {
        }
      },
      "/var/home/reesericci/Code/united/app/mailers/organization/broadcast_mailer.rb": {
        "lines": [
          0,
          0,
          0,
          0,
          null,
          0,
          0,
          0,
          0,
          0
        ],
        "branches": {
        }
      },
      "/var/home/reesericci/Code/united/app/models/api/key.rb": {
        "lines": [
          0,
          0,
          null,
          0,
          null,
          0,
          null,
          null,
          0,
          0,
          0,
          null,
          0,
          0,
          0,
          null,
          0,
          0,
          0,
          null,
          0,
          0,
          0,
          0,
          0,
          0
        ],
        "branches": {
        }
      },
      "/var/home/reesericci/Code/united/app/models/api.rb": {
        "lines": [
          0,
          0,
          0,
          0,
          0
        ],
        "branches": {
        }
      },
      "/var/home/reesericci/Code/united/app/models/broadcast.rb": {
        "lines": [
          0,
          0,
          0,
          0,
          null,
          0,
          0,
          0,
          0,
          0,
          0,
          0
        ],
        "branches": {
        }
      },
      "/var/home/reesericci/Code/united/app/models/my.rb": {
        "lines": [
          0,
          0,
          0,
          null,
          0,
          0,
          0,
          0,
          0
        ],
        "branches": {
        }
      },
      "/var/home/reesericci/Code/united/app/models/passkey/ceremony.rb": {
        "lines": [
          0,
          0,
          0
        ],
        "branches": {
        }
      },
      "/var/home/reesericci/Code/united/app/models/passkey.rb": {
        "lines": [
          0,
          0,
          0,
          0
        ],
        "branches": {
        }
      },
      "/var/home/reesericci/Code/united/app/strategies/my/keycode_strategy.rb": {
        "lines": [
          0,
          0,
          0,
          0,
          null,
          0,
          0,
          0,
          0,
          0,
          0,
          0,
          0,
          0,
          null,
          0,
          0,
          0,
          null,
          0,
          0,
          0,
          null,
          0,
          null,
          0,
          0,
          0,
          0
        ],
        "branches": {
        }
      },
      "/var/home/reesericci/Code/united/app/strategies/my/passkey_strategy.rb": {
        "lines": [
          0,
          0,
          0,
          0,
          null,
          0,
          0,
          0,
          0,
          0,
          0,
          0,
          null,
          0,
          null,
          0,
          0,
          0,
          0,
          null,
          0,
          null,
          0,
          0,
          0,
          0
        ],
        "branches": {
        }
      },
      "/var/home/reesericci/Code/united/app/strategies/organization/password_strategy.rb": {
        "lines": [
          0,
          0,
          0,
          0,
          null,
          0,
          0,
          0,
          0,
          0,
          0,
          0,
          0,
          null,
          0,
          null,
          0,
          0,
          0,
          0
        ],
        "branches": {
        }
      }
    },
    "timestamp": 1720013562
  }
}
